<?xml version="1.0" encoding="UTF-8"?>
<!-- Generated by org.testng.reporters.JUnitReportReporter -->
<testsuite skipped="0" hostname="Lenovo" name="com.Testng_Concepts.Priority_Test" tests="4" failures="0" timestamp="2021-01-25T10:08:11 IST" time="0.115" errors="0">
  <testcase name="musicSearch" time="0.066" classname="com.Testng_Concepts.Priority_Test"/>
  <testcase name="mobileSearch" time="0.020" classname="com.Testng_Concepts.Priority_Test"/>
  <testcase name="laptopSearch" time="0.011" classname="com.Testng_Concepts.Priority_Test"/>
  <testcase name="earphonesSearch" time="0.018" classname="com.Testng_Concepts.Priority_Test"/>
</testsuite> <!-- com.Testng_Concepts.Priority_Test -->
