<?xml version="1.0" encoding="UTF-8"?>
<!-- Generated by org.testng.reporters.JUnitReportReporter -->
<testsuite skipped="0" hostname="Lenovo" name="com.Testng_Concepts.Dependency_Test" tests="4" failures="0" timestamp="2021-01-27T09:27:12 IST" time="0.107" errors="0">
  <testcase name="mobileSearch" time="0.020" classname="com.Testng_Concepts.Dependency_Test"/>
  <testcase name="offer" time="0.010" classname="com.Testng_Concepts.Dependency_Test"/>
  <testcase name="samsungSearch" time="0.030" classname="com.Testng_Concepts.Dependency_Test"/>
  <testcase name="laptopSearch" time="0.047" classname="com.Testng_Concepts.Dependency_Test"/>
</testsuite> <!-- com.Testng_Concepts.Dependency_Test -->
