<?xml version="1.0" encoding="UTF-8"?>
<!-- Generated by org.testng.reporters.JUnitReportReporter -->
<testsuite skipped="0" hostname="Lenovo" name="com.Testng_Concepts.Expected_Exceptions" tests="1" failures="0" timestamp="2021-01-26T09:57:34 IST" time="0.118" errors="0">
  <testcase name="array_Datas" time="0.118" classname="com.Testng_Concepts.Expected_Exceptions"/>
</testsuite> <!-- com.Testng_Concepts.Expected_Exceptions -->
