<?xml version="1.0" encoding="UTF-8"?>
<!-- Generated by org.testng.reporters.JUnitReportReporter -->
<testsuite skipped="0" hostname="Lenovo" name="com.Testng_Concepts.Grouping_Test" tests="5" failures="0" timestamp="2021-01-28T09:39:36 IST" time="0.124" errors="0">
  <testcase name="earphonesSearch" time="0.061" classname="com.Testng_Concepts.Grouping_Test"/>
  <testcase name="samsungSearch" time="0.011" classname="com.Testng_Concepts.Grouping_Test"/>
  <testcase name="mobileSearch" time="0.021" classname="com.Testng_Concepts.Grouping_Test"/>
  <testcase name="laptopSearch" time="0.010" classname="com.Testng_Concepts.Grouping_Test"/>
  <testcase name="redmiSearch" time="0.021" classname="com.Testng_Concepts.Grouping_Test"/>
</testsuite> <!-- com.Testng_Concepts.Grouping_Test -->
