<?xml version="1.0" encoding="UTF-8"?>
<!-- Generated by org.testng.reporters.JUnitReportReporter -->
<testsuite skipped="0" hostname="Lenovo" name="com.Testng_Concepts.Data_Provider_Test" tests="3" failures="0" timestamp="2021-01-27T10:17:48 IST" time="0.076" errors="0">
  <testcase name="credentials" time="0.036" classname="com.Testng_Concepts.Data_Provider_Test"/>
  <testcase name="credentials" time="0.025" classname="com.Testng_Concepts.Data_Provider_Test"/>
  <testcase name="credentials" time="0.015" classname="com.Testng_Concepts.Data_Provider_Test"/>
</testsuite> <!-- com.Testng_Concepts.Data_Provider_Test -->
