<?xml version="1.0" encoding="UTF-8"?>
<!-- Generated by org.testng.reporters.JUnitReportReporter -->
<testsuite skipped="0" hostname="Lenovo" name="com.Testng_Concepts.Parameters_Test" tests="1" failures="0" timestamp="2021-01-27T09:55:29 IST" time="0.042" errors="0">
  <testcase name="credentials" time="0.042" classname="com.Testng_Concepts.Parameters_Test"/>
</testsuite> <!-- com.Testng_Concepts.Parameters_Test -->
