<?xml version="1.0" encoding="UTF-8"?>
<!-- Generated by org.testng.reporters.JUnitReportReporter -->
<testsuite skipped="0" hostname="Lenovo" name="com.Testng_Concepts.Timeout_Test" tests="1" failures="0" timestamp="2021-01-26T09:51:32 IST" time="1.210" errors="0">
  <testcase name="navigatePage" time="1.210" classname="com.Testng_Concepts.Timeout_Test"/>
</testsuite> <!-- com.Testng_Concepts.Timeout_Test -->
