<?xml version="1.0" encoding="UTF-8"?>
<!-- Generated by org.testng.reporters.JUnitReportReporter -->
<testsuite skipped="0" hostname="Lenovo" name="com.Testng_Concepts.Simple_Annotations" tests="2" failures="0" timestamp="2021-01-24T10:03:52 IST" time="0.133" errors="0">
  <testcase name="mobileSearch" time="0.028" classname="com.Testng_Concepts.Simple_Annotations"/>
  <testcase name="laptopSearch" time="0.105" classname="com.Testng_Concepts.Simple_Annotations"/>
</testsuite> <!-- com.Testng_Concepts.Simple_Annotations -->
