<?xml version="1.0" encoding="UTF-8"?>
<!-- Generated by org.testng.reporters.JUnitReportReporter -->
<testsuite skipped="2" hostname="Lenovo" name="com.Testng_Concepts.Ignore_Concept" tests="3" failures="0" timestamp="2021-01-25T09:52:57 IST" time="0.060" errors="0">
  <testcase name="laptopSearch" time="0.060" classname="com.Testng_Concepts.Ignore_Concept"/>
  <testcase name="earphonesSearch" classname="com.Testng_Concepts.Ignore_Concept">
    <skipped/>
  </testcase> <!-- earphonesSearch -->
  <testcase name="bookSearch" classname="com.Testng_Concepts.Ignore_Concept">
    <skipped/>
  </testcase> <!-- bookSearch -->
</testsuite> <!-- com.Testng_Concepts.Ignore_Concept -->
