<?xml version="1.0" encoding="UTF-8"?>
<!-- Generated by org.testng.reporters.JUnitReportReporter -->
<testsuite skipped="0" hostname="Lenovo" name="com.Testng_Concepts.Paralllel_Test" tests="3" failures="0" timestamp="2021-01-31T09:37:51 IST" time="151.204" errors="0">
  <testcase name="instagram" time="48.114" classname="com.Testng_Concepts.Paralllel_Test"/>
  <testcase name="facebook" time="42.468" classname="com.Testng_Concepts.Paralllel_Test"/>
  <testcase name="amazon" time="60.622" classname="com.Testng_Concepts.Paralllel_Test"/>
</testsuite> <!-- com.Testng_Concepts.Paralllel_Test -->
