<?xml version="1.0" encoding="UTF-8"?>
<!-- Generated by org.testng.reporters.JUnitReportReporter -->
<testsuite skipped="0" hostname="Lenovo" name="com.Testng_Concepts.Assert_Concepts" tests="1" failures="0" timestamp="2021-01-28T10:12:19 IST" time="0.089" errors="0">
  <testcase name="credentials" time="0.089" classname="com.Testng_Concepts.Assert_Concepts"/>
</testsuite> <!-- com.Testng_Concepts.Assert_Concepts -->
