<?xml version="1.0" encoding="UTF-8"?>
<!-- Generated by org.testng.reporters.JUnitReportReporter -->
<testsuite skipped="0" hostname="Lenovo" name="com.Testng_Concepts.Invocation_Test" tests="5" failures="0" timestamp="2021-01-26T09:30:33 IST" time="0.217" errors="0">
  <testcase name="refresh" time="0.008" classname="com.Testng_Concepts.Invocation_Test"/>
  <testcase name="refresh" time="0.085" classname="com.Testng_Concepts.Invocation_Test"/>
  <testcase name="url" time="0.004" classname="com.Testng_Concepts.Invocation_Test"/>
  <testcase name="browserLaunch" time="0.110" classname="com.Testng_Concepts.Invocation_Test"/>
  <testcase name="refresh" time="0.010" classname="com.Testng_Concepts.Invocation_Test"/>
</testsuite> <!-- com.Testng_Concepts.Invocation_Test -->
